<?xml version="1.0" encoding="UTF-8"?>
<!-- Generated by org.testng.reporters.JUnitReportReporter -->
<testsuite skipped="0" hostname="Reginalds-MacBook-Pro.local" name="newPackage.testngAnnotations" tests="2" failures="0" timestamp="2020-07-17T02:01:09 BST" time="0.015" errors="0">
  <testcase name="testCase1" time="0.010" classname="newPackage.testngAnnotations"/>
  <system-out/>
  <testcase name="testCase2" time="0.005" classname="newPackage.testngAnnotations"/>
  <system-out/>
</testsuite> <!-- newPackage.testngAnnotations -->
