<?xml version="1.0" encoding="UTF-8"?>
<!-- Generated by org.testng.reporters.JUnitReportReporter -->
<testsuite skipped="0" hostname="Reginalds-MacBook-Pro.local" name="newPackage.AnnotationsExample" tests="1" failures="0" timestamp="2020-07-17T01:43:51 BST" time="0.191" errors="0">
  <testcase name="verifyHomepageTitle" time="0.191" classname="newPackage.AnnotationsExample"/>
  <system-out/>
</testsuite> <!-- newPackage.AnnotationsExample -->
