<?xml version="1.0" encoding="UTF-8"?>
<!-- Generated by org.testng.reporters.JUnitReportReporter -->
<testsuite skipped="0" hostname="Reginalds-MacBook-Pro.local" name="newPackage.Example" tests="1" failures="0" timestamp="2020-07-17T01:31:46 BST" time="5.739" errors="0">
  <testcase name="verifyHomepageTitle" time="5.739" classname="newPackage.Example"/>
  <system-out/>
</testsuite> <!-- newPackage.Example -->
